Arguments: 
  /usr/local/bin/node /usr/local/bin/yarn add exec /bin/zsh -l

PATH: 
  /usr/local/opt/openjdk/bin:/Library/Frameworks/Python.framework/Versions/3.9/bin:/usr/local/bin:/usr/bin:/bin:/usr/sbin:/sbin:/Library/Apple/usr/bin:/Users/rookasrudzianskas/.rover/bin:/usr/local/opt/openjdk/bin:/Users/rookasrudzianskas/opt/anaconda3/bin:/Users/rookasrudzianskas/opt/anaconda3/condabin:/Library/Frameworks/Python.framework/Versions/3.9/bin

Yarn version: 
  1.22.10

Node version: 
  14.17.5

Platform: 
  darwin x64

Trace: 
  Error: ENOTDIR: not a directory, scandir '/Users/rookasrudzianskas/Library/Caches/Yarn/v6/npm-bin-0.0.0-92ddc064-4735-49e9-9728-ba4a4c5be8d9-1631793876774/node_modules/bin'

npm manifest: 
  {
    "name": "collaborative_todo",
    "version": "1.0.0",
    "description": "",
    "main": "server.js",
    "scripts": {
      "test": "echo \"Error: no test specified\" && exit 1"
    },
    "author": "",
    "license": "ISC"
  }

yarn manifest: 
  No manifest

Lockfile: 
  No lockfile
